[16:10:15] [ServerMain/INFO]: Environment: Environment[sessionHost=https://sessionserver.mojang.com, servicesHost=https://api.minecraftservices.com, profilesHost=https://api.mojang.com, name=PROD]
[16:10:17] [ServerMain/INFO]: Loaded 1461 recipes
[16:10:17] [ServerMain/INFO]: Loaded 1574 advancements
[16:10:17] [Server thread/INFO]: Starting minecraft server version 1.21.10
[16:10:17] [Server thread/INFO]: Loading properties
[16:10:17] [Server thread/INFO]: Default game type: SURVIVAL
[16:10:17] [Server thread/INFO]: Generating keypair
[16:10:17] [Server thread/INFO]: Starting Minecraft server on *:25565
[16:10:17] [Server thread/INFO]: Using epoll channel type
[16:10:17] [Server thread/WARN]: **** SERVER IS RUNNING IN OFFLINE/INSECURE MODE!
[16:10:17] [Server thread/WARN]: The server will make no attempt to authenticate usernames. Beware.
[16:10:17] [Server thread/WARN]: While this makes the game possible to play without internet access, it also opens up the ability for hackers to connect with any username they choose.
[16:10:17] [Server thread/WARN]: To change this, set "online-mode" to "true" in the server.properties file.
[16:10:17] [Server thread/INFO]: Preparing level "world"
[16:10:17] [Server thread/INFO]: Loading 0 persistent chunks...
[16:10:17] [Server thread/INFO]: Preparing spawn area: 100%
[16:10:17] [Server thread/INFO]: Time elapsed: 14 ms
[16:10:17] [Server thread/INFO]: Done (0.370s)! For help, type "help"
[16:11:17] [Server thread/INFO]: Server empty for 60 seconds, pausing
[16:11:21] [Server thread/INFO]: [Not Secure] [Server] asd
[16:12:29] [Server thread/INFO]: Zy0r[/10.242.149.228:61364] logged in with entity id 127 at (-312.5394883320243, 18.0, 94.51730624263483)
[16:12:29] [Server thread/INFO]: Zy0r joined the game
[16:12:37] [Server thread/INFO]: chino555[/10.242.90.119:63262] logged in with entity id 530 at (-5392.540822705561, 78.17675927506424, 6208.352297033949)
[16:12:37] [Server thread/INFO]: chino555 joined the game
[16:13:19] [Server thread/INFO]: chino555 lost connection: Disconnected
[16:13:19] [Server thread/INFO]: chino555 left the game
[16:13:58] [Server thread/INFO]: [Not Secure] [Server] asd
[16:17:45] [Server thread/INFO]: [Not Secure] [Server] asd
[16:19:30] [Server thread/WARN]: Mismatch in destroy block pos: ja{x=-598, y=16, z=734} ja{x=-598, y=17, z=734}
[16:19:30] [Server thread/WARN]: Mismatch in destroy block pos: ja{x=-598, y=16, z=734} ja{x=-598, y=17, z=734}
[16:19:30] [Server thread/WARN]: Mismatch in destroy block pos: ja{x=-598, y=16, z=734} ja{x=-598, y=17, z=734}
[16:19:31] [Server thread/WARN]: Mismatch in destroy block pos: ja{x=-598, y=16, z=734} ja{x=-598, y=17, z=734}
[16:19:31] [Server thread/WARN]: Mismatch in destroy block pos: ja{x=-598, y=16, z=734} ja{x=-598, y=17, z=734}
[16:20:34] [Server thread/WARN]: Mismatch in destroy block pos: ja{x=-628, y=16, z=752} ja{x=-629, y=16, z=752}
[16:21:44] [Server thread/WARN]: Mismatch in destroy block pos: ja{x=-641, y=35, z=763} ja{x=-640, y=31, z=761}
[16:22:00] [Server thread/WARN]: Mismatch in destroy block pos: ja{x=-645, y=40, z=766} ja{x=-647, y=39, z=768}
[16:22:48] [Server thread/INFO]: Zy0r lost connection: Disconnected
[16:22:48] [Server thread/INFO]: Zy0r left the game
[16:22:51] [Server thread/INFO]: Stopping the server
[16:22:51] [Server thread/INFO]: Stopping server
[16:22:51] [Server thread/INFO]: Saving players
[16:22:51] [Server thread/INFO]: Saving worlds
[16:22:51] [Server thread/INFO]: Saving chunks for level 'ServerLevel[world]'/minecraft:overworld
[16:22:51] [Server thread/INFO]: Saving chunks for level 'ServerLevel[world]'/minecraft:the_nether
[16:22:51] [Server thread/INFO]: Saving chunks for level 'ServerLevel[world]'/minecraft:the_end
[16:22:51] [Server thread/INFO]: ThreadedAnvilChunkStorage (world): All chunks are saved
[16:22:51] [Server thread/INFO]: ThreadedAnvilChunkStorage (DIM-1): All chunks are saved
[16:22:51] [Server thread/INFO]: ThreadedAnvilChunkStorage (DIM1): All chunks are saved
[16:22:51] [Server thread/INFO]: ThreadedAnvilChunkStorage: All dimensions are saved
